<?xml version="1.0" encoding="UTF-8"?>
<testng-results ignored="0" total="2" passed="2" failed="0" skipped="0">
  <reporter-output>
  </reporter-output>
  <suite started-at="2019-04-12T07:14:47Z" name="Default suite" finished-at="2019-04-12T07:14:50Z" duration-ms="2925">
    <groups>
    </groups>
    <test started-at="2019-04-12T07:14:47Z" name="Default test" finished-at="2019-04-12T07:14:50Z" duration-ms="2925">
      <class name="test.ExtentReportsDemoWithTestNG">
        <test-method is-config="true" signature="setUp()[pri:0, instance:test.ExtentReportsDemoWithTestNG@65d09a04]" started-at="2019-04-12T07:14:40Z" name="setUp" finished-at="2019-04-12T07:14:40Z" duration-ms="330" status="PASS">
          <reporter-output>
          </reporter-output>
        </test-method> <!-- setUp -->
        <test-method is-config="true" signature="setUpTest()[pri:0, instance:test.ExtentReportsDemoWithTestNG@65d09a04]" started-at="2019-04-12T07:14:40Z" name="setUpTest" finished-at="2019-04-12T07:14:47Z" duration-ms="7426" status="PASS">
          <reporter-output>
          </reporter-output>
        </test-method> <!-- setUpTest -->
        <test-method signature="test1()[pri:0, instance:test.ExtentReportsDemoWithTestNG@65d09a04]" started-at="2019-04-12T07:14:48Z" name="test1" finished-at="2019-04-12T07:14:50Z" duration-ms="2885" status="PASS">
          <reporter-output>
          </reporter-output>
        </test-method> <!-- test1 -->
        <test-method signature="test2()[pri:0, instance:test.ExtentReportsDemoWithTestNG@65d09a04]" started-at="2019-04-12T07:14:50Z" name="test2" finished-at="2019-04-12T07:14:50Z" duration-ms="4" status="PASS">
          <reporter-output>
          </reporter-output>
        </test-method> <!-- test2 -->
        <test-method is-config="true" signature="tearDown()[pri:0, instance:test.ExtentReportsDemoWithTestNG@65d09a04]" started-at="2019-04-12T07:14:50Z" name="tearDown" finished-at="2019-04-12T07:14:51Z" duration-ms="591" status="PASS">
          <reporter-output>
          </reporter-output>
        </test-method> <!-- tearDown -->
        <test-method is-config="true" signature="tearDownTest()[pri:0, instance:test.ExtentReportsDemoWithTestNG@65d09a04]" started-at="2019-04-12T07:14:51Z" name="tearDownTest" finished-at="2019-04-12T07:14:52Z" duration-ms="1364" status="PASS">
          <reporter-output>
          </reporter-output>
        </test-method> <!-- tearDownTest -->
      </class> <!-- test.ExtentReportsDemoWithTestNG -->
    </test> <!-- Default test -->
  </suite> <!-- Default suite -->
</testng-results>
